Using homebrew/bundle
Using direnv
Using eza
Using fish
Using fisher
Using fzf
Using ghq
Using git
Using git-delta
Using htop
Using mas
Using mise
Using neofetch
Using neovim
Using starship
Using stow
Using 1password
Using appcleaner
Using betterdisplay
Using discord
Using google-chrome
Using google-cloud-sdk
Using hiddenbar
Using iterm2
Using jetbrains-toolbox
Using orbstack
Using rectangle
Using signal
Using slack
Using visual-studio-code
Using adguard
Using bitwarden
Using numbers
Using wireguard
Homebrew Bundle complete! 34 Brewfile dependencies now installed.
